{
  "_index": "wazuh-alerts-4.x-2026.06.08",
  "_id": "zasOqJ4BgG_9Lmmp6FgY",
  "_score": null,
  "_source": {
    "input": {
      "type": "log"
    },
    "agent": {
      "ip": "192.168.56.20",
      "name": "Windows10-Target",
      "id": "001"
    },
    "previous_output": "{\"win\":{\"system\":{\"providerName\":\"Microsoft-Windows-Security-Auditing\",\"providerGuid\":\"{54849625-5478-4994-a5ba-3e3b0328c30d}\",\"eventID\":\"4625\",\"version\":\"0\",\"level\":\"0\",\"task\":\"12544\",\"opcode\":\"0\",\"keywords\":\"0x8010000000000000\",\"systemTime\":\"2026-06-08T16:26:49.1105874Z\",\"eventRecordID\":\"14195\",\"processID\":\"660\",\"threadID\":\"708\",\"channel\":\"Security\",\"computer\":\"Windows10-Targe\",\"severityValue\":\"AUDIT_FAILURE\",\"message\":\"\\\"An account failed to log on.\\r\\n\\r\\nSubject:\\r\\n\\tSecurity ID:\\t\\tS-1-5-21-1703429370-2511098807-3621486283-1000\\r\\n\\tAccount Name:\\t\\tharry\\r\\n\\tAccount Domain:\\t\\tWINDOWS10-TARGE\\r\\n\\tLogon ID:\\t\\t0x35B44\\r\\n\\r\\nLogon Type:\\t\\t\\t2\\r\\n\\r\\nAccount For Which Logon Failed:\\r\\n\\tSecurity ID:\\t\\tS-1-0-0\\r\\n\\tAccount Name:\\t\\tlabvictim\\r\\n\\tAccount Domain:\\t\\tWINDOWS10-TARGE\\r\\n\\r\\nFailure Information:\\r\\n\\tFailure Reason:\\t\\tUnknown user name or bad password.\\r\\n\\tStatus:\\t\\t\\t0xC000006D\\r\\n\\tSub Status:\\t\\t0xC000006A\\r\\n\\r\\nProcess Information:\\r\\n\\tCaller Process ID:\\t0x2a0\\r\\n\\tCaller Process Name:\\tC:\\\\Windows\\\\System32\\\\svchost.exe\\r\\n\\r\\nNetwork Information:\\r\\n\\tWorkstation Name:\\tWINDOWS10-TARGE\\r\\n\\tSource Network Address:\\t::1\\r\\n\\tSource Port:\\t\\t0\\r\\n\\r\\nDetailed Authentication Information:\\r\\n\\tLogon Process:\\t\\tseclogo\\r\\n\\tAuthentication Package:\\tNegotiate\\r\\n\\tTransited Services:\\t-\\r\\n\\tPackage Name (NTLM only):\\t-\\r\\n\\tKey Length:\\t\\t0\\r\\n\\r\\nThis event is generated when a logon request fails. It is generated on the computer where access was attempted.\\r\\n\\r\\nThe Subject fields indicate the account on the local system which requested the logon. This is most commonly a service such as the Server service, or a local process such as Winlogon.exe or Services.exe.\\r\\n\\r\\nThe Logon Type field indicates the kind of logon that was requested. The most common types are 2 (interactive) and 3 (network).\\r\\n\\r\\nThe Process Information fields indicate which account and process on the system requested the logon.\\r\\n\\r\\nThe Network Information fields indicate where a remote logon request originated. Workstation name is not always available and may be left blank in some cases.\\r\\n\\r\\nThe authentication information fields provide detailed information about this specific logon request.\\r\\n\\t- Transited services indicate which intermediate services have participated in this logon request.\\r\\n\\t- Package name indicates which sub-protocol was used among the NTLM protocols.\\r\\n\\t- Key length indicates the length of the generated session key. This will be 0 if no session key was requested.\\\"\"},\"eventdata\":{\"subjectUserSid\":\"S-1-5-21-1703429370-2511098807-3621486283-1000\",\"subjectUserName\":\"harry\",\"subjectDomainName\":\"WINDOWS10-TARGE\",\"subjectLogonId\":\"0x35b44\",\"targetUserSid\":\"S-1-0-0\",\"targetUserName\":\"labvictim\",\"targetDomainName\":\"WINDOWS10-TARGE\",\"status\":\"0xc000006d\",\"failureReason\":\"%%2313\",\"subStatus\":\"0xc000006a\",\"logonType\":\"2\",\"logonProcessName\":\"seclogo\",\"authenticationPackageName\":\"Negotiate\",\"workstationName\":\"WINDOWS10-TARGE\",\"keyLength\":\"0\",\"processId\":\"0x2a0\",\"processName\":\"C:\\\\\\\\Windows\\\\\\\\System32\\\\\\\\svchost.exe\",\"ipAddress\":\"::1\",\"ipPort\":\"0\"}}}\n{\"win\":{\"system\":{\"providerName\":\"Microsoft-Windows-Security-Auditing\",\"providerGuid\":\"{54849625-5478-4994-a5ba-3e3b0328c30d}\",\"eventID\":\"4625\",\"version\":\"0\",\"level\":\"0\",\"task\":\"12544\",\"opcode\":\"0\",\"keywords\":\"0x8010000000000000\",\"systemTime\":\"2026-06-08T16:26:48.6021895Z\",\"eventRecordID\":\"14194\",\"processID\":\"660\",\"threadID\":\"3924\",\"channel\":\"Security\",\"computer\":\"Windows10-Targe\",\"severityValue\":\"AUDIT_FAILURE\",\"message\":\"\\\"An account failed to log on.\\r\\n\\r\\nSubject:\\r\\n\\tSecurity ID:\\t\\tS-1-5-21-1703429370-2511098807-3621486283-1000\\r\\n\\tAccount Name:\\t\\tharry\\r\\n\\tAccount Domain:\\t\\tWINDOWS10-TARGE\\r\\n\\tLogon ID:\\t\\t0x35B44\\r\\n\\r\\nLogon Type:\\t\\t\\t2\\r\\n\\r\\nAccount For Which Logon Failed:\\r\\n\\tSecurity ID:\\t\\tS-1-0-0\\r\\n\\tAccount Name:\\t\\tlabvictim\\r\\n\\tAccount Domain:\\t\\tWINDOWS10-TARGE\\r\\n\\r\\nFailure Information:\\r\\n\\tFailure Reason:\\t\\tUnknown user name or bad password.\\r\\n\\tStatus:\\t\\t\\t0xC000006D\\r\\n\\tSub Status:\\t\\t0xC000006A\\r\\n\\r\\nProcess Information:\\r\\n\\tCaller Process ID:\\t0x2a0\\r\\n\\tCaller Process Name:\\tC:\\\\Windows\\\\System32\\\\svchost.exe\\r\\n\\r\\nNetwork Information:\\r\\n\\tWorkstation Name:\\tWINDOWS10-TARGE\\r\\n\\tSource Network Address:\\t::1\\r\\n\\tSource Port:\\t\\t0\\r\\n\\r\\nDetailed Authentication Information:\\r\\n\\tLogon Process:\\t\\tseclogo\\r\\n\\tAuthentication Package:\\tNegotiate\\r\\n\\tTransited Services:\\t-\\r\\n\\tPackage Name (NTLM only):\\t-\\r\\n\\tKey Length:\\t\\t0\\r\\n\\r\\nThis event is generated when a logon request fails. It is generated on the computer where access was attempted.\\r\\n\\r\\nThe Subject fields indicate the account on the local system which requested the logon. This is most commonly a service such as the Server service, or a local process such as Winlogon.exe or Services.exe.\\r\\n\\r\\nThe Logon Type field indicates the kind of logon that was requested. The most common types are 2 (interactive) and 3 (network).\\r\\n\\r\\nThe Process Information fields indicate which account and process on the system requested the logon.\\r\\n\\r\\nThe Network Information fields indicate where a remote logon request originated. Workstation name is not always available and may be left blank in some cases.\\r\\n\\r\\nThe authentication information fields provide detailed information about this specific logon request.\\r\\n\\t- Transited services indicate which intermediate services have participated in this logon request.\\r\\n\\t- Package name indicates which sub-protocol was used among the NTLM protocols.\\r\\n\\t- Key length indicates the length of the generated session key. This will be 0 if no session key was requested.\\\"\"},\"eventdata\":{\"subjectUserSid\":\"S-1-5-21-1703429370-2511098807-3621486283-1000\",\"subjectUserName\":\"harry\",\"subjectDomainName\":\"WINDOWS10-TARGE\",\"subjectLogonId\":\"0x35b44\",\"targetUserSid\":\"S-1-0-0\",\"targetUserName\":\"labvictim\",\"targetDomainName\":\"WINDOWS10-TARGE\",\"status\":\"0xc000006d\",\"failureReason\":\"%%2313\",\"subStatus\":\"0xc000006a\",\"logonType\":\"2\",\"logonProcessName\":\"seclogo\",\"authenticationPackageName\":\"Negotiate\",\"workstationName\":\"WINDOWS10-TARGE\",\"keyLength\":\"0\",\"processId\":\"0x2a0\",\"processName\":\"C:\\\\\\\\Windows\\\\\\\\System32\\\\\\\\svchost.exe\",\"ipAddress\":\"::1\",\"ipPort\":\"0\"}}}\n{\"win\":{\"system\":{\"providerName\":\"Microsoft-Windows-Security-Auditing\",\"providerGuid\":\"{54849625-5478-4994-a5ba-3e3b0328c30d}\",\"eventID\":\"4625\",\"version\":\"0\",\"level\":\"0\",\"task\":\"12544\",\"opcode\":\"0\",\"keywords\":\"0x8010000000000000\",\"systemTime\":\"2026-06-08T16:26:48.0735881Z\",\"eventRecordID\":\"14193\",\"processID\":\"660\",\"threadID\":\"708\",\"channel\":\"Security\",\"computer\":\"Windows10-Targe\",\"severityValue\":\"AUDIT_FAILURE\",\"message\":\"\\\"An account failed to log on.\\r\\n\\r\\nSubject:\\r\\n\\tSecurity ID:\\t\\tS-1-5-21-1703429370-2511098807-3621486283-1000\\r\\n\\tAccount Name:\\t\\tharry\\r\\n\\tAccount Domain:\\t\\tWINDOWS10-TARGE\\r\\n\\tLogon ID:\\t\\t0x35B44\\r\\n\\r\\nLogon Type:\\t\\t\\t2\\r\\n\\r\\nAccount For Which Logon Failed:\\r\\n\\tSecurity ID:\\t\\tS-1-0-0\\r\\n\\tAccount Name:\\t\\tlabvictim\\r\\n\\tAccount Domain:\\t\\tWINDOWS10-TARGE\\r\\n\\r\\nFailure Information:\\r\\n\\tFailure Reason:\\t\\tUnknown user name or bad password.\\r\\n\\tStatus:\\t\\t\\t0xC000006D\\r\\n\\tSub Status:\\t\\t0xC000006A\\r\\n\\r\\nProcess Information:\\r\\n\\tCaller Process ID:\\t0x2a0\\r\\n\\tCaller Process Name:\\tC:\\\\Windows\\\\System32\\\\svchost.exe\\r\\n\\r\\nNetwork Information:\\r\\n\\tWorkstation Name:\\tWINDOWS10-TARGE\\r\\n\\tSource Network Address:\\t::1\\r\\n\\tSource Port:\\t\\t0\\r\\n\\r\\nDetailed Authentication Information:\\r\\n\\tLogon Process:\\t\\tseclogo\\r\\n\\tAuthentication Package:\\tNegotiate\\r\\n\\tTransited Services:\\t-\\r\\n\\tPackage Name (NTLM only):\\t-\\r\\n\\tKey Length:\\t\\t0\\r\\n\\r\\nThis event is generated when a logon request fails. It is generated on the computer where access was attempted.\\r\\n\\r\\nThe Subject fields indicate the account on the local system which requested the logon. This is most commonly a service such as the Server service, or a local process such as Winlogon.exe or Services.exe.\\r\\n\\r\\nThe Logon Type field indicates the kind of logon that was requested. The most common types are 2 (interactive) and 3 (network).\\r\\n\\r\\nThe Process Information fields indicate which account and process on the system requested the logon.\\r\\n\\r\\nThe Network Information fields indicate where a remote logon request originated. Workstation name is not always available and may be left blank in some cases.\\r\\n\\r\\nThe authentication information fields provide detailed information about this specific logon request.\\r\\n\\t- Transited services indicate which intermediate services have participated in this logon request.\\r\\n\\t- Package name indicates which sub-protocol was used among the NTLM protocols.\\r\\n\\t- Key length indicates the length of the generated session key. This will be 0 if no session key was requested.\\\"\"},\"eventdata\":{\"subjectUserSid\":\"S-1-5-21-1703429370-2511098807-3621486283-1000\",\"subjectUserName\":\"harry\",\"subjectDomainName\":\"WINDOWS10-TARGE\",\"subjectLogonId\":\"0x35b44\",\"targetUserSid\":\"S-1-0-0\",\"targetUserName\":\"labvictim\",\"targetDomainName\":\"WINDOWS10-TARGE\",\"status\":\"0xc000006d\",\"failureReason\":\"%%2313\",\"subStatus\":\"0xc000006a\",\"logonType\":\"2\",\"logonProcessName\":\"seclogo\",\"authenticationPackageName\":\"Negotiate\",\"workstationName\":\"WINDOWS10-TARGE\",\"keyLength\":\"0\",\"processId\":\"0x2a0\",\"processName\":\"C:\\\\\\\\Windows\\\\\\\\System32\\\\\\\\svchost.exe\",\"ipAddress\":\"::1\",\"ipPort\":\"0\"}}}\n{\"win\":{\"system\":{\"providerName\":\"Microsoft-Windows-Security-Auditing\",\"providerGuid\":\"{54849625-5478-4994-a5ba-3e3b0328c30d}\",\"eventID\":\"4625\",\"version\":\"0\",\"level\":\"0\",\"task\":\"12544\",\"opcode\":\"0\",\"keywords\":\"0x8010000000000000\",\"systemTime\":\"2026-06-08T16:26:47.5577772Z\",\"eventRecordID\":\"14192\",\"processID\":\"660\",\"threadID\":\"3924\",\"channel\":\"Security\",\"computer\":\"Windows10-Targe\",\"severityValue\":\"AUDIT_FAILURE\",\"message\":\"\\\"An account failed to log on.\\r\\n\\r\\nSubject:\\r\\n\\tSecurity ID:\\t\\tS-1-5-21-1703429370-2511098807-3621486283-1000\\r\\n\\tAccount Name:\\t\\tharry\\r\\n\\tAccount Domain:\\t\\tWINDOWS10-TARGE\\r\\n\\tLogon ID:\\t\\t0x35B44\\r\\n\\r\\nLogon Type:\\t\\t\\t2\\r\\n\\r\\nAccount For Which Logon Failed:\\r\\n\\tSecurity ID:\\t\\tS-1-0-0\\r\\n\\tAccount Name:\\t\\tlabvictim\\r\\n\\tAccount Domain:\\t\\tWINDOWS10-TARGE\\r\\n\\r\\nFailure Information:\\r\\n\\tFailure Reason:\\t\\tUnknown user name or bad password.\\r\\n\\tStatus:\\t\\t\\t0xC000006D\\r\\n\\tSub Status:\\t\\t0xC000006A\\r\\n\\r\\nProcess Information:\\r\\n\\tCaller Process ID:\\t0x2a0\\r\\n\\tCaller Process Name:\\tC:\\\\Windows\\\\System32\\\\svchost.exe\\r\\n\\r\\nNetwork Information:\\r\\n\\tWorkstation Name:\\tWINDOWS10-TARGE\\r\\n\\tSource Network Address:\\t::1\\r\\n\\tSource Port:\\t\\t0\\r\\n\\r\\nDetailed Authentication Information:\\r\\n\\tLogon Process:\\t\\tseclogo\\r\\n\\tAuthentication Package:\\tNegotiate\\r\\n\\tTransited Services:\\t-\\r\\n\\tPackage Name (NTLM only):\\t-\\r\\n\\tKey Length:\\t\\t0\\r\\n\\r\\nThis event is generated when a logon request fails. It is generated on the computer where access was attempted.\\r\\n\\r\\nThe Subject fields indicate the account on the local system which requested the logon. This is most commonly a service such as the Server service, or a local process such as Winlogon.exe or Services.exe.\\r\\n\\r\\nThe Logon Type field indicates the kind of logon that was requested. The most common types are 2 (interactive) and 3 (network).\\r\\n\\r\\nThe Process Information fields indicate which account and process on the system requested the logon.\\r\\n\\r\\nThe Network Information fields indicate where a remote logon request originated. Workstation name is not always available and may be left blank in some cases.\\r\\n\\r\\nThe authentication information fields provide detailed information about this specific logon request.\\r\\n\\t- Transited services indicate which intermediate services have participated in this logon request.\\r\\n\\t- Package name indicates which sub-protocol was used among the NTLM protocols.\\r\\n\\t- Key length indicates the length of the generated session key. This will be 0 if no session key was requested.\\\"\"},\"eventdata\":{\"subjectUserSid\":\"S-1-5-21-1703429370-2511098807-3621486283-1000\",\"subjectUserName\":\"harry\",\"subjectDomainName\":\"WINDOWS10-TARGE\",\"subjectLogonId\":\"0x35b44\",\"targetUserSid\":\"S-1-0-0\",\"targetUserName\":\"labvictim\",\"targetDomainName\":\"WINDOWS10-TARGE\",\"status\":\"0xc000006d\",\"failureReason\":\"%%2313\",\"subStatus\":\"0xc000006a\",\"logonType\":\"2\",\"logonProcessName\":\"seclogo\",\"authenticationPackageName\":\"Negotiate\",\"workstationName\":\"WINDOWS10-TARGE\",\"keyLength\":\"0\",\"processId\":\"0x2a0\",\"processName\":\"C:\\\\\\\\Windows\\\\\\\\System32\\\\\\\\svchost.exe\",\"ipAddress\":\"::1\",\"ipPort\":\"0\"}}}\n{\"win\":{\"system\":{\"providerName\":\"Microsoft-Windows-Security-Auditing\",\"providerGuid\":\"{54849625-5478-4994-a5ba-3e3b0328c30d}\",\"eventID\":\"4625\",\"version\":\"0\",\"level\":\"0\",\"task\":\"12544\",\"opcode\":\"0\",\"keywords\":\"0x8010000000000000\",\"systemTime\":\"2026-06-08T16:26:47.0402612Z\",\"eventRecordID\":\"14191\",\"processID\":\"660\",\"threadID\":\"708\",\"channel\":\"Security\",\"computer\":\"Windows10-Targe\",\"severityValue\":\"AUDIT_FAILURE\",\"message\":\"\\\"An account failed to log on.\\r\\n\\r\\nSubject:\\r\\n\\tSecurity ID:\\t\\tS-1-5-21-1703429370-2511098807-3621486283-1000\\r\\n\\tAccount Name:\\t\\tharry\\r\\n\\tAccount Domain:\\t\\tWINDOWS10-TARGE\\r\\n\\tLogon ID:\\t\\t0x35B44\\r\\n\\r\\nLogon Type:\\t\\t\\t2\\r\\n\\r\\nAccount For Which Logon Failed:\\r\\n\\tSecurity ID:\\t\\tS-1-0-0\\r\\n\\tAccount Name:\\t\\tlabvictim\\r\\n\\tAccount Domain:\\t\\tWINDOWS10-TARGE\\r\\n\\r\\nFailure Information:\\r\\n\\tFailure Reason:\\t\\tUnknown user name or bad password.\\r\\n\\tStatus:\\t\\t\\t0xC000006D\\r\\n\\tSub Status:\\t\\t0xC000006A\\r\\n\\r\\nProcess Information:\\r\\n\\tCaller Process ID:\\t0x2a0\\r\\n\\tCaller Process Name:\\tC:\\\\Windows\\\\System32\\\\svchost.exe\\r\\n\\r\\nNetwork Information:\\r\\n\\tWorkstation Name:\\tWINDOWS10-TARGE\\r\\n\\tSource Network Address:\\t::1\\r\\n\\tSource Port:\\t\\t0\\r\\n\\r\\nDetailed Authentication Information:\\r\\n\\tLogon Process:\\t\\tseclogo\\r\\n\\tAuthentication Package:\\tNegotiate\\r\\n\\tTransited Services:\\t-\\r\\n\\tPackage Name (NTLM only):\\t-\\r\\n\\tKey Length:\\t\\t0\\r\\n\\r\\nThis event is generated when a logon request fails. It is generated on the computer where access was attempted.\\r\\n\\r\\nThe Subject fields indicate the account on the local system which requested the logon. This is most commonly a service such as the Server service, or a local process such as Winlogon.exe or Services.exe.\\r\\n\\r\\nThe Logon Type field indicates the kind of logon that was requested. The most common types are 2 (interactive) and 3 (network).\\r\\n\\r\\nThe Process Information fields indicate which account and process on the system requested the logon.\\r\\n\\r\\nThe Network Information fields indicate where a remote logon request originated. Workstation name is not always available and may be left blank in some cases.\\r\\n\\r\\nThe authentication information fields provide detailed information about this specific logon request.\\r\\n\\t- Transited services indicate which intermediate services have participated in this logon request.\\r\\n\\t- Package name indicates which sub-protocol was used among the NTLM protocols.\\r\\n\\t- Key length indicates the length of the generated session key. This will be 0 if no session key was requested.\\\"\"},\"eventdata\":{\"subjectUserSid\":\"S-1-5-21-1703429370-2511098807-3621486283-1000\",\"subjectUserName\":\"harry\",\"subjectDomainName\":\"WINDOWS10-TARGE\",\"subjectLogonId\":\"0x35b44\",\"targetUserSid\":\"S-1-0-0\",\"targetUserName\":\"labvictim\",\"targetDomainName\":\"WINDOWS10-TARGE\",\"status\":\"0xc000006d\",\"failureReason\":\"%%2313\",\"subStatus\":\"0xc000006a\",\"logonType\":\"2\",\"logonProcessName\":\"seclogo\",\"authenticationPackageName\":\"Negotiate\",\"workstationName\":\"WINDOWS10-TARGE\",\"keyLength\":\"0\",\"processId\":\"0x2a0\",\"processName\":\"C:\\\\\\\\Windows\\\\\\\\System32\\\\\\\\svchost.exe\",\"ipAddress\":\"::1\",\"ipPort\":\"0\"}}}\n{\"win\":{\"system\":{\"providerName\":\"Microsoft-Windows-Security-Auditing\",\"providerGuid\":\"{54849625-5478-4994-a5ba-3e3b0328c30d}\",\"eventID\":\"4625\",\"version\":\"0\",\"level\":\"0\",\"task\":\"12544\",\"opcode\":\"0\",\"keywords\":\"0x8010000000000000\",\"systemTime\":\"2026-06-08T16:26:46.5251669Z\",\"eventRecordID\":\"14190\",\"processID\":\"660\",\"threadID\":\"3924\",\"channel\":\"Security\",\"computer\":\"Windows10-Targe\",\"severityValue\":\"AUDIT_FAILURE\",\"message\":\"\\\"An account failed to log on.\\r\\n\\r\\nSubject:\\r\\n\\tSecurity ID:\\t\\tS-1-5-21-1703429370-2511098807-3621486283-1000\\r\\n\\tAccount Name:\\t\\tharry\\r\\n\\tAccount Domain:\\t\\tWINDOWS10-TARGE\\r\\n\\tLogon ID:\\t\\t0x35B44\\r\\n\\r\\nLogon Type:\\t\\t\\t2\\r\\n\\r\\nAccount For Which Logon Failed:\\r\\n\\tSecurity ID:\\t\\tS-1-0-0\\r\\n\\tAccount Name:\\t\\tlabvictim\\r\\n\\tAccount Domain:\\t\\tWINDOWS10-TARGE\\r\\n\\r\\nFailure Information:\\r\\n\\tFailure Reason:\\t\\tUnknown user name or bad password.\\r\\n\\tStatus:\\t\\t\\t0xC000006D\\r\\n\\tSub Status:\\t\\t0xC000006A\\r\\n\\r\\nProcess Information:\\r\\n\\tCaller Process ID:\\t0x2a0\\r\\n\\tCaller Process Name:\\tC:\\\\Windows\\\\System32\\\\svchost.exe\\r\\n\\r\\nNetwork Information:\\r\\n\\tWorkstation Name:\\tWINDOWS10-TARGE\\r\\n\\tSource Network Address:\\t::1\\r\\n\\tSource Port:\\t\\t0\\r\\n\\r\\nDetailed Authentication Information:\\r\\n\\tLogon Process:\\t\\tseclogo\\r\\n\\tAuthentication Package:\\tNegotiate\\r\\n\\tTransited Services:\\t-\\r\\n\\tPackage Name (NTLM only):\\t-\\r\\n\\tKey Length:\\t\\t0\\r\\n\\r\\nThis event is generated when a logon request fails. It is generated on the computer where access was attempted.\\r\\n\\r\\nThe Subject fields indicate the account on the local system which requested the logon. This is most commonly a service such as the Server service, or a local process such as Winlogon.exe or Services.exe.\\r\\n\\r\\nThe Logon Type field indicates the kind of logon that was requested. The most common types are 2 (interactive) and 3 (network).\\r\\n\\r\\nThe Process Information fields indicate which account and process on the system requested the logon.\\r\\n\\r\\nThe Network Information fields indicate where a remote logon request originated. Workstation name is not always available and may be left blank in some cases.\\r\\n\\r\\nThe authentication information fields provide detailed information about this specific logon request.\\r\\n\\t- Transited services indicate which intermediate services have participated in this logon request.\\r\\n\\t- Package name indicates which sub-protocol was used among the NTLM protocols.\\r\\n\\t- Key length indicates the length of the generated session key. This will be 0 if no session key was requested.\\\"\"},\"eventdata\":{\"subjectUserSid\":\"S-1-5-21-1703429370-2511098807-3621486283-1000\",\"subjectUserName\":\"harry\",\"subjectDomainName\":\"WINDOWS10-TARGE\",\"subjectLogonId\":\"0x35b44\",\"targetUserSid\":\"S-1-0-0\",\"targetUserName\":\"labvictim\",\"targetDomainName\":\"WINDOWS10-TARGE\",\"status\":\"0xc000006d\",\"failureReason\":\"%%2313\",\"subStatus\":\"0xc000006a\",\"logonType\":\"2\",\"logonProcessName\":\"seclogo\",\"authenticationPackageName\":\"Negotiate\",\"workstationName\":\"WINDOWS10-TARGE\",\"keyLength\":\"0\",\"processId\":\"0x2a0\",\"processName\":\"C:\\\\\\\\Windows\\\\\\\\System32\\\\\\\\svchost.exe\",\"ipAddress\":\"::1\",\"ipPort\":\"0\"}}}\n{\"win\":{\"system\":{\"providerName\":\"Microsoft-Windows-Security-Auditing\",\"providerGuid\":\"{54849625-5478-4994-a5ba-3e3b0328c30d}\",\"eventID\":\"4625\",\"version\":\"0\",\"level\":\"0\",\"task\":\"12544\",\"opcode\":\"0\",\"keywords\":\"0x8010000000000000\",\"systemTime\":\"2026-06-08T16:26:45.9962487Z\",\"eventRecordID\":\"14189\",\"processID\":\"660\",\"threadID\":\"708\",\"channel\":\"Security\",\"computer\":\"Windows10-Targe\",\"severityValue\":\"AUDIT_FAILURE\",\"message\":\"\\\"An account failed to log on.\\r\\n\\r\\nSubject:\\r\\n\\tSecurity ID:\\t\\tS-1-5-21-1703429370-2511098807-3621486283-1000\\r\\n\\tAccount Name:\\t\\tharry\\r\\n\\tAccount Domain:\\t\\tWINDOWS10-TARGE\\r\\n\\tLogon ID:\\t\\t0x35B44\\r\\n\\r\\nLogon Type:\\t\\t\\t2\\r\\n\\r\\nAccount For Which Logon Failed:\\r\\n\\tSecurity ID:\\t\\tS-1-0-0\\r\\n\\tAccount Name:\\t\\tlabvictim\\r\\n\\tAccount Domain:\\t\\tWINDOWS10-TARGE\\r\\n\\r\\nFailure Information:\\r\\n\\tFailure Reason:\\t\\tUnknown user name or bad password.\\r\\n\\tStatus:\\t\\t\\t0xC000006D\\r\\n\\tSub Status:\\t\\t0xC000006A\\r\\n\\r\\nProcess Information:\\r\\n\\tCaller Process ID:\\t0x2a0\\r\\n\\tCaller Process Name:\\tC:\\\\Windows\\\\System32\\\\svchost.exe\\r\\n\\r\\nNetwork Information:\\r\\n\\tWorkstation Name:\\tWINDOWS10-TARGE\\r\\n\\tSource Network Address:\\t::1\\r\\n\\tSource Port:\\t\\t0\\r\\n\\r\\nDetailed Authentication Information:\\r\\n\\tLogon Process:\\t\\tseclogo\\r\\n\\tAuthentication Package:\\tNegotiate\\r\\n\\tTransited Services:\\t-\\r\\n\\tPackage Name (NTLM only):\\t-\\r\\n\\tKey Length:\\t\\t0\\r\\n\\r\\nThis event is generated when a logon request fails. It is generated on the computer where access was attempted.\\r\\n\\r\\nThe Subject fields indicate the account on the local system which requested the logon. This is most commonly a service such as the Server service, or a local process such as Winlogon.exe or Services.exe.\\r\\n\\r\\nThe Logon Type field indicates the kind of logon that was requested. The most common types are 2 (interactive) and 3 (network).\\r\\n\\r\\nThe Process Information fields indicate which account and process on the system requested the logon.\\r\\n\\r\\nThe Network Information fields indicate where a remote logon request originated. Workstation name is not always available and may be left blank in some cases.\\r\\n\\r\\nThe authentication information fields provide detailed information about this specific logon request.\\r\\n\\t- Transited services indicate which intermediate services have participated in this logon request.\\r\\n\\t- Package name indicates which sub-protocol was used among the NTLM protocols.\\r\\n\\t- Key length indicates the length of the generated session key. This will be 0 if no session key was requested.\\\"\"},\"eventdata\":{\"subjectUserSid\":\"S-1-5-21-1703429370-2511098807-3621486283-1000\",\"subjectUserName\":\"harry\",\"subjectDomainName\":\"WINDOWS10-TARGE\",\"subjectLogonId\":\"0x35b44\",\"targetUserSid\":\"S-1-0-0\",\"targetUserName\":\"labvictim\",\"targetDomainName\":\"WINDOWS10-TARGE\",\"status\":\"0xc000006d\",\"failureReason\":\"%%2313\",\"subStatus\":\"0xc000006a\",\"logonType\":\"2\",\"logonProcessName\":\"seclogo\",\"authenticationPackageName\":\"Negotiate\",\"workstationName\":\"WINDOWS10-TARGE\",\"keyLength\":\"0\",\"processId\":\"0x2a0\",\"processName\":\"C:\\\\\\\\Windows\\\\\\\\System32\\\\\\\\svchost.exe\",\"ipAddress\":\"::1\",\"ipPort\":\"0\"}}}",
    "manager": {
      "name": "wazuh-server"
    },
    "data": {
      "win": {
        "eventdata": {
          "subjectLogonId": "0x35b44",
          "subjectDomainName": "WINDOWS10-TARGE",
          "ipAddress": "::1",
          "authenticationPackageName": "Negotiate",
          "workstationName": "WINDOWS10-TARGE",
          "subStatus": "0xc000006a",
          "logonProcessName": "seclogo",
          "targetUserName": "labvictim",
          "keyLength": "0",
          "subjectUserSid": "S-1-5-21-1703429370-2511098807-3621486283-1000",
          "processId": "0x2a0",
          "processName": "C:\\\\Windows\\\\System32\\\\svchost.exe",
          "ipPort": "0",
          "failureReason": "%%2313",
          "targetDomainName": "WINDOWS10-TARGE",
          "targetUserSid": "S-1-0-0",
          "logonType": "2",
          "subjectUserName": "harry",
          "status": "0xc000006d"
        },
        "system": {
          "eventID": "4625",
          "keywords": "0x8010000000000000",
          "providerGuid": "{54849625-5478-4994-a5ba-3e3b0328c30d}",
          "level": "0",
          "channel": "Security",
          "opcode": "0",
          "message": "\"An account failed to log on.\r\n\r\nSubject:\r\n\tSecurity ID:\t\tS-1-5-21-1703429370-2511098807-3621486283-1000\r\n\tAccount Name:\t\tharry\r\n\tAccount Domain:\t\tWINDOWS10-TARGE\r\n\tLogon ID:\t\t0x35B44\r\n\r\nLogon Type:\t\t\t2\r\n\r\nAccount For Which Logon Failed:\r\n\tSecurity ID:\t\tS-1-0-0\r\n\tAccount Name:\t\tlabvictim\r\n\tAccount Domain:\t\tWINDOWS10-TARGE\r\n\r\nFailure Information:\r\n\tFailure Reason:\t\tUnknown user name or bad password.\r\n\tStatus:\t\t\t0xC000006D\r\n\tSub Status:\t\t0xC000006A\r\n\r\nProcess Information:\r\n\tCaller Process ID:\t0x2a0\r\n\tCaller Process Name:\tC:\\Windows\\System32\\svchost.exe\r\n\r\nNetwork Information:\r\n\tWorkstation Name:\tWINDOWS10-TARGE\r\n\tSource Network Address:\t::1\r\n\tSource Port:\t\t0\r\n\r\nDetailed Authentication Information:\r\n\tLogon Process:\t\tseclogo\r\n\tAuthentication Package:\tNegotiate\r\n\tTransited Services:\t-\r\n\tPackage Name (NTLM only):\t-\r\n\tKey Length:\t\t0\r\n\r\nThis event is generated when a logon request fails. It is generated on the computer where access was attempted.\r\n\r\nThe Subject fields indicate the account on the local system which requested the logon. This is most commonly a service such as the Server service, or a local process such as Winlogon.exe or Services.exe.\r\n\r\nThe Logon Type field indicates the kind of logon that was requested. The most common types are 2 (interactive) and 3 (network).\r\n\r\nThe Process Information fields indicate which account and process on the system requested the logon.\r\n\r\nThe Network Information fields indicate where a remote logon request originated. Workstation name is not always available and may be left blank in some cases.\r\n\r\nThe authentication information fields provide detailed information about this specific logon request.\r\n\t- Transited services indicate which intermediate services have participated in this logon request.\r\n\t- Package name indicates which sub-protocol was used among the NTLM protocols.\r\n\t- Key length indicates the length of the generated session key. This will be 0 if no session key was requested.\"",
          "version": "0",
          "systemTime": "2026-06-08T16:26:49.6209230Z",
          "eventRecordID": "14196",
          "threadID": "708",
          "computer": "Windows10-Targe",
          "task": "12544",
          "processID": "660",
          "severityValue": "AUDIT_FAILURE",
          "providerName": "Microsoft-Windows-Security-Auditing"
        }
      }
    },
    "rule": {
      "mail": false,
      "level": 10,
      "pci_dss": [
        "10.2.4",
        "10.2.5",
        "11.4"
      ],
      "hipaa": [
        "164.312.b"
      ],
      "tsc": [
        "CC6.1",
        "CC6.8",
        "CC7.2",
        "CC7.3"
      ],
      "description": "Multiple Windows Logon Failures",
      "groups": [
        "windows",
        "windows_security",
        "authentication_failures"
      ],
      "nist_800_53": [
        "AU.14",
        "AC.7",
        "SI.4"
      ],
      "frequency": 8,
      "gdpr": [
        "IV_35.7.d",
        "IV_32.2"
      ],
      "firedtimes": 2,
      "mitre": {
        "technique": [
          "Brute Force"
        ],
        "id": [
          "T1110"
        ],
        "tactic": [
          "Credential Access"
        ]
      },
      "id": "60204"
    },
    "location": "EventChannel",
    "decoder": {
      "name": "windows_eventchannel"
    },
    "id": "1780936008.218121",
    "timestamp": "2026-06-08T16:26:48.641+0000"
  },
  "fields": {
    "timestamp": [
      "2026-06-08T16:26:48.641Z"
    ]
  },
  "sort": [
    1780936008641
  ]
}